\BOOKMARK [0][-]{chapter.1}{Introduction}{}% 1
\BOOKMARK [1][-]{section.1.1}{ Why "strips", not "strings"? }{chapter.1}% 2
\BOOKMARK [1][-]{section.1.2}{ Aims }{chapter.1}% 3
\BOOKMARK [1][-]{section.1.3}{ Installation }{chapter.1}% 4
\BOOKMARK [0][-]{chapter.2}{ Worked example }{}% 5
\BOOKMARK [1][-]{section.2.1}{ Strips, aka "strings for special biserial algebras" }{chapter.2}% 6
\BOOKMARK [1][-]{section.2.2}{Modules from strips}{chapter.2}% 7
\BOOKMARK [1][-]{section.2.3}{Syzygies of strips}{chapter.2}% 8
\BOOKMARK [1][-]{section.2.4}{Computing higher syzygies efficiently}{chapter.2}% 9
\BOOKMARK [1][-]{section.2.5}{Other important strips}{chapter.2}% 10
\BOOKMARK [1][-]{section.2.6}{ Tests with strips }{chapter.2}% 11
\BOOKMARK [1][-]{section.2.7}{ Additional examples }{chapter.2}% 12
\BOOKMARK [0][-]{chapter.3}{ Strips }{}% 13
\BOOKMARK [1][-]{section.3.1}{Introduction}{chapter.3}% 14
\BOOKMARK [1][-]{section.3.2}{ Constructing strips }{chapter.3}% 15
\BOOKMARK [1][-]{section.3.3}{ Particular strips }{chapter.3}% 16
\BOOKMARK [1][-]{section.3.4}{Calculating syzygies of strips}{chapter.3}% 17
\BOOKMARK [1][-]{section.3.5}{Attributes of strips}{chapter.3}% 18
\BOOKMARK [1][-]{section.3.6}{Operation on strips}{chapter.3}% 19
\BOOKMARK [0][-]{chapter.4}{ Discrete model for SB algebras and their string modules }{}% 20
\BOOKMARK [0][-]{chapter.5}{ Quiver utilities and the overquiver of a SB algebra }{}% 21
\BOOKMARK [1][-]{section.5.1}{Introduction}{chapter.5}% 22
\BOOKMARK [1][-]{section.5.2}{New property of quivers}{chapter.5}% 23
\BOOKMARK [1][-]{section.5.3}{New attributes of quivers}{chapter.5}% 24
\BOOKMARK [1][-]{section.5.4}{Operations on vertices and arrows of quivers}{chapter.5}% 25
\BOOKMARK [1][-]{section.5.5}{New attributes for special biserial algebras}{chapter.5}% 26
\BOOKMARK [1][-]{section.5.6}{New function for special biserial algebras}{chapter.5}% 27
\BOOKMARK [0][-]{chapter.6}{ Permissible data of a SB algebra }{}% 28
\BOOKMARK [0][-]{chapter.7}{ Vertex-indexed sequences and encodings of permissible data }{}% 29
\BOOKMARK [0][-]{chapter.8}{ Syllables }{}% 30
\BOOKMARK [0][-]{chapter.9}{ Patches }{}% 31
\BOOKMARK [0][-]{chapter.10}{ Utilities }{}% 32
\BOOKMARK [1][-]{section.10.1}{Collected lists}{chapter.10}% 33
\BOOKMARK [1][-]{section.10.2}{Miscellaneous utilities for QPA}{chapter.10}% 34
\BOOKMARK [0][-]{appendix.A}{ Example algebras }{}% 35
\BOOKMARK [1][-]{section.A.1}{ The function }{appendix.A}% 36
\BOOKMARK [1][-]{section.A.2}{ The algebras }{appendix.A}% 37
\BOOKMARK [0][-]{appendix*.5}{References}{}% 38
\BOOKMARK [0][-]{section*.6}{Index}{}% 39
