\BOOKMARK [0][-]{chapter.1}{Introduction}{}% 1
\BOOKMARK [1][-]{section.1.1}{Why "strips", not "strings"?}{chapter.1}% 2
\BOOKMARK [1][-]{section.1.2}{Aims}{chapter.1}% 3
\BOOKMARK [1][-]{section.1.3}{Installation}{chapter.1}% 4
\BOOKMARK [0][-]{chapter.2}{Worked example}{}% 5
\BOOKMARK [1][-]{section.2.1}{Strips, aka "strings for special biserial algebras"}{chapter.2}% 6
\BOOKMARK [1][-]{section.2.2}{Calculations with strips}{chapter.2}% 7
\BOOKMARK [1][-]{section.2.3}{A look under the bonnet}{chapter.2}% 8
\BOOKMARK [0][-]{chapter.3}{Quivers and special biserial algebras}{}% 9
\BOOKMARK [1][-]{section.3.1}{Introduction}{chapter.3}% 10
\BOOKMARK [1][-]{section.3.2}{New property of quivers}{chapter.3}% 11
\BOOKMARK [1][-]{section.3.3}{New attributes of quivers}{chapter.3}% 12
\BOOKMARK [1][-]{section.3.4}{Operations on vertices and arrows of quivers}{chapter.3}% 13
\BOOKMARK [1][-]{section.3.5}{New attributes for special biserial algebras}{chapter.3}% 14
\BOOKMARK [1][-]{section.3.6}{New function for special biserial algebras}{chapter.3}% 15
\BOOKMARK [0][-]{chapter.4}{Permissible data}{}% 16
\BOOKMARK [0][-]{chapter.5}{Syllables}{}% 17
\BOOKMARK [1][-]{section.5.1}{Introduction}{chapter.5}% 18
\BOOKMARK [1][-]{section.5.2}{Properties of syllables}{chapter.5}% 19
\BOOKMARK [0][-]{chapter.6}{Patches}{}% 20
\BOOKMARK [0][-]{chapter.7}{Strips}{}% 21
\BOOKMARK [1][-]{section.7.1}{Introduction}{chapter.7}% 22
\BOOKMARK [1][-]{section.7.2}{ Constructing strips }{chapter.7}% 23
\BOOKMARK [1][-]{section.7.3}{Attributes of strips}{chapter.7}% 24
\BOOKMARK [1][-]{section.7.4}{Operation on strips}{chapter.7}% 25
\BOOKMARK [0][-]{subsection.7.4.2}{References}{}% 26
